c:\users\josh\desktop\shapism\debug\courseworkbase.bsc
c:\users\josh\desktop\shapism\debug\vc120.pdb
c:\users\josh\desktop\shapism\debug\vc120.idb
c:\users\josh\desktop\shapism\debug\jxt03ubullet.sbr
c:\users\josh\desktop\shapism\debug\demoamain.sbr
c:\users\josh\desktop\shapism\debug\demobobject.sbr
c:\users\josh\desktop\shapism\debug\jxt03uenemy.sbr
c:\users\josh\desktop\shapism\debug\jxt03umain.sbr
c:\users\josh\desktop\shapism\debug\jxt03uplayer.sbr
c:\users\josh\desktop\shapism\debug\jxt03utilemanager.sbr
c:\users\josh\desktop\shapism\debug\mainfunction.sbr
c:\users\josh\desktop\shapism\debug\baseengine.sbr
c:\users\josh\desktop\shapism\debug\displayableobject.sbr
c:\users\josh\desktop\shapism\debug\fontmanager.sbr
c:\users\josh\desktop\shapism\debug\jpgimage.sbr
c:\users\josh\desktop\shapism\debug\simpledemo.sbr
c:\users\josh\desktop\shapism\debug\tilemanager.sbr
c:\users\josh\desktop\shapism\debug\bouncingball.sbr
c:\users\josh\desktop\shapism\debug\bouncingballmain.sbr
c:\users\josh\desktop\shapism\debug\demo1main.sbr
c:\users\josh\desktop\shapism\debug\demo2main.sbr
c:\users\josh\desktop\shapism\debug\demo2object.sbr
c:\users\josh\desktop\shapism\debug\demo2tilemanager.sbr
c:\users\josh\desktop\shapism\debug\demo2tilemanager.obj
c:\users\josh\desktop\shapism\debug\demo2object.obj
c:\users\josh\desktop\shapism\debug\demo2main.obj
c:\users\josh\desktop\shapism\debug\demo1main.obj
c:\users\josh\desktop\shapism\debug\bouncingballmain.obj
c:\users\josh\desktop\shapism\debug\bouncingball.obj
c:\users\josh\desktop\shapism\debug\tilemanager.obj
c:\users\josh\desktop\shapism\debug\simpledemo.obj
c:\users\josh\desktop\shapism\debug\jpgimage.obj
c:\users\josh\desktop\shapism\debug\fontmanager.obj
c:\users\josh\desktop\shapism\debug\displayableobject.obj
c:\users\josh\desktop\shapism\debug\baseengine.obj
c:\users\josh\desktop\shapism\debug\mainfunction.obj
c:\users\josh\desktop\shapism\debug\jxt03utilemanager.obj
c:\users\josh\desktop\shapism\debug\jxt03uplayer.obj
c:\users\josh\desktop\shapism\debug\jxt03umain.obj
c:\users\josh\desktop\shapism\debug\jxt03uenemy.obj
c:\users\josh\desktop\shapism\debug\demobobject.obj
c:\users\josh\desktop\shapism\debug\demoamain.obj
c:\users\josh\desktop\shapism\debug\jxt03ubullet.obj
c:\users\josh\desktop\shapism\debug\demo3main.sbr
c:\users\josh\desktop\shapism\debug\demo3object.sbr
c:\users\josh\desktop\shapism\debug\demo3objectfinished.sbr
c:\users\josh\desktop\shapism\debug\demo3tilemanager.sbr
c:\users\josh\desktop\shapism\debug\demo4main.sbr
c:\users\josh\desktop\shapism\debug\demo4object.sbr
c:\users\josh\desktop\shapism\debug\demo4tilemanager.sbr
c:\users\josh\desktop\shapism\debug\demo4tilemanager.obj
c:\users\josh\desktop\shapism\debug\demo4object.obj
c:\users\josh\desktop\shapism\debug\demo4main.obj
c:\users\josh\desktop\shapism\debug\demo3tilemanager.obj
c:\users\josh\desktop\shapism\debug\demo3objectfinished.obj
c:\users\josh\desktop\shapism\debug\demo3object.obj
c:\users\josh\desktop\shapism\debug\demo3main.obj
c:\users\josh\desktop\shapism\debug\courseworkbase.ilk
c:\users\josh\desktop\shapism\debug\courseworkbase.exe
c:\users\josh\desktop\shapism\src\map
c:\users\josh\desktop\shapism\debug\courseworkbase.pdb
c:\users\josh\desktop\shapism\/debug\courseworkbase.pdb
c:\users\josh\desktop\shapism\/debug\courseworkbase.exe
c:\users\josh\desktop\shapism\/debug\courseworkbase.bsc
c:\users\josh\desktop\shapism\/debug\courseworkbase.ilk
c:\users\josh\desktop\shapism\debug\courseworkbase.tlog\bscmake.command.1.tlog
c:\users\josh\desktop\shapism\debug\courseworkbase.tlog\bscmake.read.1.tlog
c:\users\josh\desktop\shapism\debug\courseworkbase.tlog\bscmake.write.1.tlog
c:\users\josh\desktop\shapism\debug\courseworkbase.tlog\cl.command.1.tlog
c:\users\josh\desktop\shapism\debug\courseworkbase.tlog\cl.read.1.tlog
c:\users\josh\desktop\shapism\debug\courseworkbase.tlog\cl.write.1.tlog
c:\users\josh\desktop\shapism\debug\courseworkbase.tlog\link.command.1.tlog
c:\users\josh\desktop\shapism\debug\courseworkbase.tlog\link.read.1.tlog
c:\users\josh\desktop\shapism\debug\courseworkbase.tlog\link.write.1.tlog
