Build started 16/01/2016 15:34:46.
     1>Project "C:\Users\Josh\Desktop\Shapism\src\CourseworkBase.vcxproj" on node 2 (Build target(s)).
     1>ClCompile:
         C:\Program Files (x86)\Microsoft Visual Studio 12.0\VC\bin\CL.exe /c /I..\SDL\include /ZI /nologo /W1 /WX- /Od /Oy- /Gm- /EHsc /MD /GS /fp:precise /Zc:wchar_t /Zc:forScope /Fo"C:\Users\Josh\Desktop\Shapism\/Debug\\" /Fd"C:\Users\Josh\Desktop\Shapism\/Debug\vc120.pdb" /FR"C:\Users\Josh\Desktop\Shapism\/Debug\\" /Gd /TP /analyze- /errorReport:prompt mainfunction.cpp
         mainfunction.cpp
       Link:
         C:\Program Files (x86)\Microsoft Visual Studio 12.0\VC\bin\link.exe /ERRORREPORT:PROMPT /OUT:"C:\Users\Josh\Desktop\Shapism\/Debug\CourseworkBase.exe" /NOLOGO /LIBPATH:..\SDL\libx86 SDL2.lib SDL2main.lib SDL2_image.lib SDL2_ttf.lib kernel32.lib user32.lib gdi32.lib winspool.lib comdlg32.lib advapi32.lib shell32.lib ole32.lib oleaut32.lib uuid.lib odbc32.lib odbccp32.lib /MANIFEST /MANIFESTUAC:"level='asInvoker' uiAccess='false'" /manifest:embed /DEBUG /PDB:"C:\Users\Josh\Desktop\Shapism\/Debug\CourseworkBase.pdb" /MAP:"map" /SUBSYSTEM:CONSOLE /TLBID:1 /ENTRY:"mainCRTStartup" /DYNAMICBASE:NO /IMPLIB:"C:\Users\Josh\Desktop\Shapism\/Debug\CourseworkBase.lib" /MACHINE:X86 /SAFESEH C:\Users\Josh\Desktop\Shapism\/Debug\Jxt03uBullet.obj
         C:\Users\Josh\Desktop\Shapism\/Debug\DemoAMain.obj
         C:\Users\Josh\Desktop\Shapism\/Debug\DemoBObject.obj
         C:\Users\Josh\Desktop\Shapism\/Debug\Jxt03uEnemy.obj
         C:\Users\Josh\Desktop\Shapism\/Debug\Jxt03uMain.obj
         C:\Users\Josh\Desktop\Shapism\/Debug\Jxt03uPlayer.obj
         C:\Users\Josh\Desktop\Shapism\/Debug\Jxt03uTileManager.obj
         C:\Users\Josh\Desktop\Shapism\/Debug\mainfunction.obj
         C:\Users\Josh\Desktop\Shapism\/Debug\BaseEngine.obj
         C:\Users\Josh\Desktop\Shapism\/Debug\DisplayableObject.obj
         C:\Users\Josh\Desktop\Shapism\/Debug\FontManager.obj
         C:\Users\Josh\Desktop\Shapism\/Debug\JPGImage.obj
         C:\Users\Josh\Desktop\Shapism\/Debug\SimpleDemo.obj
         C:\Users\Josh\Desktop\Shapism\/Debug\TileManager.obj
         C:\Users\Josh\Desktop\Shapism\/Debug\BouncingBall.obj
         C:\Users\Josh\Desktop\Shapism\/Debug\BouncingBallMain.obj
         C:\Users\Josh\Desktop\Shapism\/Debug\Demo1Main.obj
         C:\Users\Josh\Desktop\Shapism\/Debug\Demo2Main.obj
         C:\Users\Josh\Desktop\Shapism\/Debug\Demo2Object.obj
         C:\Users\Josh\Desktop\Shapism\/Debug\Demo2TileManager.obj
         C:\Users\Josh\Desktop\Shapism\/Debug\Demo3Main.obj
         C:\Users\Josh\Desktop\Shapism\/Debug\Demo3Object.obj
         C:\Users\Josh\Desktop\Shapism\/Debug\Demo3ObjectFinished.obj
         C:\Users\Josh\Desktop\Shapism\/Debug\Demo3TileManager.obj
         C:\Users\Josh\Desktop\Shapism\/Debug\Demo4Main.obj
         C:\Users\Josh\Desktop\Shapism\/Debug\Demo4Object.obj
         C:\Users\Josh\Desktop\Shapism\/Debug\Demo4TileManager.obj
         LINK : C:\Users\Josh\Desktop\Shapism\/Debug\CourseworkBase.exe not found or not built by the last incremental link; performing full link
     1>Jxt03uBullet.obj : warning LNK4075: ignoring '/EDITANDCONTINUE' due to '/SAFESEH' specification
         CourseworkBase.vcxproj -> C:\Users\Josh\Desktop\Shapism\/Debug\CourseworkBase.exe
       BscMake:
         C:\Program Files (x86)\Microsoft Visual Studio 12.0\VC\bin\bscmake.exe /nologo /o"C:\Users\Josh\Desktop\Shapism\/Debug\CourseworkBase.bsc" C:\Users\Josh\Desktop\Shapism\/Debug\Jxt03uBullet.sbr C:\Users\Josh\Desktop\Shapism\/Debug\DemoAMain.sbr C:\Users\Josh\Desktop\Shapism\/Debug\DemoBObject.sbr C:\Users\Josh\Desktop\Shapism\/Debug\Jxt03uEnemy.sbr C:\Users\Josh\Desktop\Shapism\/Debug\Jxt03uMain.sbr C:\Users\Josh\Desktop\Shapism\/Debug\Jxt03uPlayer.sbr C:\Users\Josh\Desktop\Shapism\/Debug\Jxt03uTileManager.sbr C:\Users\Josh\Desktop\Shapism\/Debug\mainfunction.sbr C:\Users\Josh\Desktop\Shapism\/Debug\BaseEngine.sbr C:\Users\Josh\Desktop\Shapism\/Debug\DisplayableObject.sbr C:\Users\Josh\Desktop\Shapism\/Debug\FontManager.sbr C:\Users\Josh\Desktop\Shapism\/Debug\JPGImage.sbr C:\Users\Josh\Desktop\Shapism\/Debug\SimpleDemo.sbr C:\Users\Josh\Desktop\Shapism\/Debug\TileManager.sbr C:\Users\Josh\Desktop\Shapism\/Debug\BouncingBall.sbr C:\Users\Josh\Desktop\Shapism\/Debug\BouncingBallMain.sbr C:\Users\Josh\Desktop\Shapism\/Debug\Demo1Main.sbr C:\Users\Josh\Desktop\Shapism\/Debug\Demo2Main.sbr C:\Users\Josh\Desktop\Shapism\/Debug\Demo2Object.sbr C:\Users\Josh\Desktop\Shapism\/Debug\Demo2TileManager.sbr C:\Users\Josh\Desktop\Shapism\/Debug\Demo3Main.sbr C:\Users\Josh\Desktop\Shapism\/Debug\Demo3Object.sbr C:\Users\Josh\Desktop\Shapism\/Debug\Demo3ObjectFinished.sbr C:\Users\Josh\Desktop\Shapism\/Debug\Demo3TileManager.sbr C:\Users\Josh\Desktop\Shapism\/Debug\Demo4Main.sbr C:\Users\Josh\Desktop\Shapism\/Debug\Demo4Object.sbr C:\Users\Josh\Desktop\Shapism\/Debug\Demo4TileManager.sbr
     1>Done Building Project "C:\Users\Josh\Desktop\Shapism\src\CourseworkBase.vcxproj" (Build target(s)).

Build succeeded.

Time Elapsed 00:00:08.37
