c:\users\josh\desktop\shapism\release\vc120.pdb
c:\users\josh\desktop\shapism\release\vc120.idb
c:\users\josh\desktop\shapism\release\demo2tilemanager.obj
c:\users\josh\desktop\shapism\release\demo2object.obj
c:\users\josh\desktop\shapism\release\demo2main.obj
c:\users\josh\desktop\shapism\release\demo1main.obj
c:\users\josh\desktop\shapism\release\bouncingballmain.obj
c:\users\josh\desktop\shapism\release\bouncingball.obj
c:\users\josh\desktop\shapism\release\tilemanager.obj
c:\users\josh\desktop\shapism\release\simpledemo.obj
c:\users\josh\desktop\shapism\release\jpgimage.obj
c:\users\josh\desktop\shapism\release\fontmanager.obj
c:\users\josh\desktop\shapism\release\displayableobject.obj
c:\users\josh\desktop\shapism\release\baseengine.obj
c:\users\josh\desktop\shapism\release\mainfunction.obj
c:\users\josh\desktop\shapism\release\jxt03utilemanager.obj
c:\users\josh\desktop\shapism\release\jxt03uplayer.obj
c:\users\josh\desktop\shapism\release\jxt03umain.obj
c:\users\josh\desktop\shapism\release\jxt03uenemy.obj
c:\users\josh\desktop\shapism\release\demobobject.obj
c:\users\josh\desktop\shapism\release\demoamain.obj
c:\users\josh\desktop\shapism\release\jxt03ubullet.obj
c:\users\josh\desktop\shapism\release\demo4tilemanager.obj
c:\users\josh\desktop\shapism\release\demo4object.obj
c:\users\josh\desktop\shapism\release\demo4main.obj
c:\users\josh\desktop\shapism\release\demo3tilemanager.obj
c:\users\josh\desktop\shapism\release\demo3objectfinished.obj
c:\users\josh\desktop\shapism\release\demo3object.obj
c:\users\josh\desktop\shapism\release\demo3main.obj
c:\users\josh\desktop\shapism\release\courseworkbase.ilk
c:\users\josh\desktop\shapism\release\courseworkbase.exe
c:\users\josh\desktop\shapism\release\courseworkbase.pdb
c:\users\josh\desktop\shapism\/release\courseworkbase.pdb
c:\users\josh\desktop\shapism\/release\courseworkbase.exe
c:\users\josh\desktop\shapism\/release\courseworkbase.ilk
c:\users\josh\desktop\shapism\release\courseworkbase.tlog\cl.command.1.tlog
c:\users\josh\desktop\shapism\release\courseworkbase.tlog\cl.read.1.tlog
c:\users\josh\desktop\shapism\release\courseworkbase.tlog\cl.write.1.tlog
c:\users\josh\desktop\shapism\release\courseworkbase.tlog\link.command.1.tlog
c:\users\josh\desktop\shapism\release\courseworkbase.tlog\link.read.1.tlog
c:\users\josh\desktop\shapism\release\courseworkbase.tlog\link.write.1.tlog
